app/build/intermediates/manifest_merge_blame_file/debug/manifest-merger-blame-debug-report.txt
1<?xml version="1.0" encoding="utf-8"?>
2<manifest xmlns:android="http://schemas.android.com/apk/res/android"
3    package="com.niit.android"
4    android:versionCode="1"
5    android:versionName="1.0" >
6
7    <uses-sdk
8        android:minSdkVersion="9"
8-->src\main\AndroidManifest.xml
9        android:targetSdkVersion="9" />
9-->src\main\AndroidManifest.xml
10
11    <application
11-->src\main\AndroidManifest.xml:7:5-22:19
12        android:debuggable="true"
13        android:icon="@drawable/ic_launcher"
13-->src\main\AndroidManifest.xml:8:9-45
14        android:label="@string/app_name" >
14-->src\main\AndroidManifest.xml:9:9-41
15        <activity
15-->src\main\AndroidManifest.xml:10:9-18:20
16            android:name="com.niit.android.LocalServiceActivity"
16-->src\main\AndroidManifest.xml:11:13-49
17            android:label="@string/app_name" >
17-->src\main\AndroidManifest.xml:12:13-45
18            <intent-filter>
18-->src\main\AndroidManifest.xml:13:13-17:29
19                <action android:name="android.intent.action.MAIN" />
19-->src\main\AndroidManifest.xml:14:17-69
19-->src\main\AndroidManifest.xml:14:25-66
20
21                <category android:name="android.intent.category.LAUNCHER" />
21-->src\main\AndroidManifest.xml:16:17-77
21-->src\main\AndroidManifest.xml:16:27-74
22            </intent-filter>
23        </activity>
24
25        <service android:name="com.niit.android.LocalService" >
25-->src\main\AndroidManifest.xml:19:9-21:19
25-->src\main\AndroidManifest.xml:20:13-41
26        </service>
27    </application>
28
29</manifest>